\o Program:		@(#)$CDS: libManager version 6.1.8 - CAT37 09/24/2018 21:00 (ip-172-18-22-224) $
\o Sub version:		sub-version  p015 
\o Arguments:		-unmapped -mpssession virtuoso2455989 -mpshost big10.seas.upenn.edu 
\o Working Directory:	big10.seas.upenn.edu:/lcars/home/p/patel5/cadenceGPDK
\o 64-bit offsets
\o Qt version: 		5.9.1
\o changeWorkingDir("/lcars/home/p/patel5/cadenceGPDK") unnecessary.
\o ddSetForcedLib("") unnecessary.
\o Log file is "/lcars/home/p/patel5/cadenceGPDK/libManager.log".
\o Opening libManager window.
\a nrSetWindowVisibility(cdsLibManager "show")
\o MPS service: map window
\o Library Manager customization server connected.
\a nrResizeWindow(cdsLibManager list(106 359 638 526))
\a nrSetCurrentWindow(cdsLibManager)
\a cdsLibManager->libListBox->value = "ESE_5700_Project_2"
\a cdsLibManager->libLineEdit->value = "ESE_5700_Project_2"
\a cdsLibManager->libListBox->value = "ESE5760_FINAL_PROJECT"
\a cdsLibManager->libLineEdit->value = "ESE5760_FINAL_PROJECT"
\a cdsLibManager->cellListBox->value = "rram_8bit"
\a cdsLibManager->cellLineEdit->value = "rram_8bit"
\a cdsLibManager->viewListBox->value = "schematic"
\a cdsLibManager->viewLineEdit->value = "schematic"
\a cdsLibManager->viewLineEdit->value = ""
\a cdsLibManager->viewListBox->value = nil
\a lmgrLogShowPopup("mainListPopup1" 91 24 2 "rram_8bit")
\a cdsLibManager->editDeleteButton->value = t
\a deleteForm->deleteFilterEdit->value = "*"
\a deleteForm->notDeleteFilterEdit->value = "*"
\a nrSetWindowVisibility(deleteForm "show")
\a nrResizeWindow(deleteForm list(102 370 627 425))
\a nrSetCurrentWindow(deleteForm)
\a deleteForm->OK->value = t
\o QUESTION (CLM-199): The following 1 items are marked for deletion.  Are you sure?
\a nrSetWindowVisibility(mcMBXDLG "show")
\a nrSetCurrentWindow(mcMBXDLG)
\a nrResizeWindow(mcMBXDLG list(256 497 268 91))
\a mcMBXDLG->pushButton1->value = t
\o Deleting cell "rram_8bit" from library "ESE5760_FINAL_PROJECT".
\a nrSetWindowVisibility(workingDialogForm "show")
\a nrResizeWindow(workingDialogForm list(281 516 268 133))
\a nrSetCurrentWindow(deleteForm)
\a nrSetCurrentWindow(cdsLibManager)
\a nrSetCurrentWindow(workingDialogForm)
\a workingDialogForm->Close->value = t
\a nrSetCurrentWindow(cdsLibManager)
\o Deleted cell 'ESE5760_FINAL_PROJECT/rram_8bit'.
\o Deletion of 1 cell done.
\a cdsLibManager->cellLineEdit->value = ""
\a cdsLibManager->libListBox->value = nil
\a cdsLibManager->libLineEdit->value = ""
\a cdsLibManager->cellListBox->value = nil
\a cdsLibManager->libListBox->value = "ESE5760_FINAL_PROJECT"
\a cdsLibManager->libLineEdit->value = "ESE5760_FINAL_PROJECT"
\a nrSetWindowVisibility(cdsLibManager "hide")
\a _lmgrCloseIconify("cdsLibManager" 1)
\o MPS service: shutdown
\o libManager is exiting.
\a exit(0)
